2015-03-27 09:10:07.937 Ionic2[1857:64583] DiskCookieStorage changing policy from 2 to 0, cookie file: file:///Users/vincentvillalta/Library/Developer/CoreSimulator/Devices/B1ADF646-85EB-4418-9058-6769C8BF9221/data/Containers/Data/Application/D0F3060E-D5AA-4DAF-B977-55B53555F08B/Library/Cookies/Cookies.binarycookies
2015-03-27 09:10:08.245 Ionic2[1857:64583] Apache Cordova native platform version 3.7.0 is starting.
2015-03-27 09:10:08.245 Ionic2[1857:64583] Multi-tasking -> Device: YES, App: YES
2015-03-27 09:10:08.266 Ionic2[1857:64583] Unlimited access to network resources
2015-03-27 09:10:08.289 Ionic2[1857:64583] 

Started backup to iCloud! Please be careful.
Your application might be rejected by Apple if you store too much data.
For more information please read "iOS Data Storage Guidelines" at:
https://developer.apple.com/icloud/documentation/data-storage/
To disable web storage backup to iCloud, set the BackupWebStorage preference to "local" in the Cordova config.xml file

2015-03-27 09:10:08.578 Ionic2[1857:64583] [CDVTimer][keyboard] 0.051975ms
2015-03-27 09:10:08.668 Ionic2[1857:64583] [CDVTimer][splashscreen] 90.394974ms
2015-03-27 09:10:08.672 Ionic2[1857:64583] [CDVTimer][statusbar] 3.549993ms
2015-03-27 09:10:08.672 Ionic2[1857:64583] [CDVTimer][TotalPluginStartup] 94.338000ms
2015-03-27 09:10:08.857 Ionic2[1857:64583] Resetting plugins due to page load.
2015-03-27 09:10:08.928 Ionic2[1857:64583] Finished load of: file:///Users/vincentvillalta/Library/Developer/CoreSimulator/Devices/B1ADF646-85EB-4418-9058-6769C8BF9221/data/Containers/Bundle/Application/DEB78652-8C3C-4B01-9F9C-1BA4CB3F4623/Ionic2.app/www/index.html
2015-03-27 09:10:09.001 Ionic2[1857:64583] Received Event: deviceready
2015-03-27 09:10:42.282 Ionic2[2617:68289] DiskCookieStorage changing policy from 2 to 0, cookie file: file:///Users/vincentvillalta/Library/Developer/CoreSimulator/Devices/B1ADF646-85EB-4418-9058-6769C8BF9221/data/Containers/Data/Application/52F52D63-8AEE-4F31-9A0E-4B87013F07A2/Library/Cookies/Cookies.binarycookies
2015-03-27 09:10:42.364 Ionic2[2617:68289] Apache Cordova native platform version 3.7.0 is starting.
2015-03-27 09:10:42.365 Ionic2[2617:68289] Multi-tasking -> Device: YES, App: YES
2015-03-27 09:10:42.366 Ionic2[2617:68289] Unlimited access to network resources
2015-03-27 09:10:42.368 Ionic2[2617:68289] 

Started backup to iCloud! Please be careful.
Your application might be rejected by Apple if you store too much data.
For more information please read "iOS Data Storage Guidelines" at:
https://developer.apple.com/icloud/documentation/data-storage/
To disable web storage backup to iCloud, set the BackupWebStorage preference to "local" in the Cordova config.xml file

2015-03-27 09:10:42.426 Ionic2[2617:68289] [CDVTimer][keyboard] 0.049055ms
2015-03-27 09:10:42.437 Ionic2[2617:68289] [CDVTimer][splashscreen] 10.738015ms
2015-03-27 09:10:42.441 Ionic2[2617:68289] [CDVTimer][statusbar] 3.732979ms
2015-03-27 09:10:42.441 Ionic2[2617:68289] [CDVTimer][TotalPluginStartup] 14.961004ms
2015-03-27 09:10:42.501 Ionic2[2617:68289] Resetting plugins due to page load.
2015-03-27 09:10:42.923 Ionic2[2617:68289] Finished load of: file:///Users/vincentvillalta/Library/Developer/CoreSimulator/Devices/B1ADF646-85EB-4418-9058-6769C8BF9221/data/Containers/Bundle/Application/3DE5ECCA-69A4-4DC0-BD93-3AE85E65A57D/Ionic2.app/www/index.html#/home/slide
2015-03-27 10:06:51.657 Ionic2[4840:421092] Apache Cordova native platform version 3.7.0 is starting.
2015-03-27 10:06:51.657 Ionic2[4840:421092] Multi-tasking -> Device: YES, App: YES
2015-03-27 10:06:51.659 Ionic2[4840:421092] Unlimited access to network resources
2015-03-27 10:06:51.660 Ionic2[4840:421092] 

Started backup to iCloud! Please be careful.
Your application might be rejected by Apple if you store too much data.
For more information please read "iOS Data Storage Guidelines" at:
https://developer.apple.com/icloud/documentation/data-storage/
To disable web storage backup to iCloud, set the BackupWebStorage preference to "local" in the Cordova config.xml file

2015-03-27 10:06:51.721 Ionic2[4840:421092] [CDVTimer][keyboard] 0.063956ms
2015-03-27 10:06:51.731 Ionic2[4840:421092] [CDVTimer][splashscreen] 9.947002ms
2015-03-27 10:06:51.735 Ionic2[4840:421092] [CDVTimer][statusbar] 3.709018ms
2015-03-27 10:06:51.735 Ionic2[4840:421092] [CDVTimer][TotalPluginStartup] 14.176011ms
2015-03-27 10:06:51.798 Ionic2[4840:421092] Resetting plugins due to page load.
2015-03-27 10:06:51.916 Ionic2[4840:421092] Finished load of: file:///Users/vincentvillalta/Library/Developer/CoreSimulator/Devices/B1ADF646-85EB-4418-9058-6769C8BF9221/data/Containers/Bundle/Application/F6894A94-F072-4146-9C6C-792780C0A630/Ionic2.app/www/index.html#/home/slide
2015-03-27 10:07:34.770 Ionic2[4840:421092] {"id":"3","name":"Prueba Alumno 1","email":"alumno@fraktalweb.com","rol_id":"4","photo":"img/users/user_3.png","created_at":"2015-02-20 22:34:14","updated_at":"2015-02-20 22:34:14","id_member":"64","iat":1427472454,"exp":1427472754}
2015-03-27 10:08:10.455 Ionic2[4840:421092] {"id":"4","name":"Prueba Profesor 1","email":"profesor@fraktalweb.com","rol_id":"3","photo":"img/users/user_4.png","created_at":"2015-02-20 22:35:29","updated_at":"2015-02-20 22:35:29","iat":1427472490,"exp":1427472790}
2015-04-03 14:52:42.796 Ionic2[12440:732936] Apache Cordova native platform version 3.7.0 is starting.
2015-04-03 14:52:42.810 Ionic2[12440:732936] Multi-tasking -> Device: YES, App: YES
2015-04-03 14:52:42.821 Ionic2[12440:732936] Unlimited access to network resources
2015-04-03 14:52:42.824 Ionic2[12440:732936] 

Started backup to iCloud! Please be careful.
Your application might be rejected by Apple if you store too much data.
For more information please read "iOS Data Storage Guidelines" at:
https://developer.apple.com/icloud/documentation/data-storage/
To disable web storage backup to iCloud, set the BackupWebStorage preference to "local" in the Cordova config.xml file

2015-04-03 14:52:43.540 Ionic2[12440:732936] [CDVTimer][keyboard] 0.045002ms
2015-04-03 14:52:43.635 Ionic2[12440:732936] [CDVTimer][splashscreen] 94.962955ms
2015-04-03 14:52:43.638 Ionic2[12440:732936] [CDVTimer][statusbar] 3.114998ms
2015-04-03 14:52:43.638 Ionic2[12440:732936] [CDVTimer][TotalPluginStartup] 98.453999ms
2015-04-03 14:52:43.687 Ionic2[12440:732936] Resetting plugins due to page load.
2015-04-03 14:52:44.261 Ionic2[12440:732936] Finished load of: file:///Users/vincentvillalta/Library/Developer/CoreSimulator/Devices/B1ADF646-85EB-4418-9058-6769C8BF9221/data/Containers/Bundle/Application/DE537BFE-ED5D-408E-A065-58E41948C3C0/Ionic2.app/www/index.html#/home/slide
2015-04-03 14:52:44.458 Ionic2[12440:732936] THREAD WARNING: ['Device'] took '11.729980' ms. Plugin should use a background thread.
2015-04-03 14:52:58.648 Ionic2[12440:732936] {"id":"3","name":"Prueba Alumno 1","email":"alumno@fraktalweb.com","rol_id":"4","photo":"img/users/user_3.png","created_at":"2015-02-20 22:34:14","updated_at":"2015-02-20 22:34:14","id_member":"64","iat":1428094378,"exp":1428094678}
2015-04-03 14:52:58.648 Ionic2[12440:732936] http://104.236.42.145/app/student/64
2015-04-03 14:52:58.787 Ionic2[12440:732936] {"id":"64","name":"Prueba de Fraktalweb","last_name":"Apellido Apellido","email":"code@fraktalweb.com","address":"León Guzmán","phone":"3126131","cellphone":"4661081062","photo":"","offer_id":"2","semester_id":"7","horario":{"id":"8","offer_id":"2","semester_id":"7","created_at":"2015-02-23 23:56:50","updated_at":"2015-02-23 23:56:50"},"offer":{"id":"2","name":"Licenciatura en Diseño de Modas y Marketing Publicitario","type_id":"33","description":"El Diseñador de Modas es aquel que desarrolla colecciones periódicamente; basándose en una tendencia o movimiento cultural, social o político. Cuenta con la habilidad de escalar tallas para crear patrones y realizar producciones prêt-à-porter. También cuenta con conocimiento a profundidad de las texturas, las telas y los accesorios para así crear armonía en el diseño.","code":"LDMMP","teacher_id":"0","created_at":"-0001-11-30 00:00:00","updated_at":"-0001-11-30 00:00:00"},"semester":{"id":"7","name":"Segundo Semestre","offer_id":"2","hour_start":"7","hour_end":"15","created_at":"2015-02-23 16:50:08","updated_at":"2015-03-12 01:12:20"}}
2015-04-03 14:53:08.445 Ionic2[12440:732936] {"id":"8","offer_id":{"id":"2","name":"Licenciatura en Diseño de Modas y Marketing Publicitario"},"semester_id":{"id":"7","name":"Segundo Semestre","hour_start":"7","hour_end":"15"},"created_at":"2015-02-23 23:56:50","updated_at":"2015-02-23 23:56:50","week":[{"id":"1","name":"Lunes","classes":[{"id":"45","subject_id":{"id":"92","name":"Lectura y Redacción 2"},"teacher_id":{"id":"4","name":"MIGUEL ANGEL","last_name":"BARAJAS CRUZ"},"created_at":"2015-03-12 00:42:57","updated_at":"2015-03-12 00:42:57","time_start":"9","time_end":"11","classroom_id":"10","pivot":{"week_id":"1","clase_id":"45","time_start":"9","time_end":"11","classroom_id":"10"}}]},{"id":"2","name":"Martes","classes":[{"id":"46","subject_id":{"id":"95","name":"Diseño 2"},"teacher_id":{"id":"25","name":"NORMA SORAYDA","last_name":"VALLE GONZALEZ "},"created_at":"2015-03-12 00:42:57","updated_at":"2015-03-12 00:42:57","time_start":"7","time_end":"9","classroom_id":"2","pivot":{"week_id":"2","clase_id":"46","time_start":"7","time_end":"9","classroom_id":"2"}},{"id":"47","subject_id":{"id":"96","name":"Corte y Confección 2"},"teacher_id":{"id":"15","name":"CLAUDIA LILIANA","last_name":"CALDERON ZAMORA"},"created_at":"2015-03-12 00:42:57","updated_at":"2015-03-12 00:42:57","time_start":"9","time_end":"11","classroom_id":"3","pivot":{"week_id":"2","clase_id":"47","time_start":"9","time_end":"11","classroom_id":"3"}},{"id":"48","subject_id":{"id":"100","name":"Bordado 1"},"teacher_id":{"id":"15","name":"CLAUDIA LILIANA","last_name":"CALDERON ZAMORA"},"created_at":"2015-03-12 00:42:57","updated_at":"2015-03-12 00:42:57","time_start":"11","time_end":"13","classroom_id":"10","pivot":{"week_id":"2","clase_id":"48","time_start":"11","time_end":"13","classroom_id":"10"}}]},{"id":"3","name":"Miércoles","classes":[{"id":"49","subject_id":{"id":"94","name":"Fotografía Digital "},"teacher_id":{"id":"29","name":"MARCO ANTONIIO","last_name":"JIMENEZ HIRIART"},"created_at":"2015-03-12 01:11:52","updated_at":"2015-03-12 01:11:52","time_start":"7","time_end":"9","classroom_id":"5","pivot":{"week_id":"3","clase_id":"49","time_start":"7","time_end":"9","classroom_id":"5"}},{"id":"50","subject_id":{"id":"87","name":"Introducción de Mercadotecnia "},"teacher_id":{"id":"4","name":"MIGUEL ANGEL","last_name":"BARAJAS CRUZ"},"created_at":"2015-03-12 01:11:52","updated_at":"2015-03-12 01:11:52","time_start":"9","time_end":"11","classroom_id":"10","pivot":{"week_id":"3","clase_id":"50","time_start":"9","time_end":"11","classroom_id":"10"}},{"id":"46","subject_id":{"id":"95","name":"Diseño 2"},"teacher_id":{"id":"25","name":"NORMA SORAYDA","last_name":"VALLE GONZALEZ "},"created_at":"2015-03-12 00:42:57","updated_at":"2015-03-12 00:42:57","time_start":"11","time_end":"13","classroom_id":"4","pivot":{"week_id":"3","clase_id":"46","time_start":"11","time_end":"13","classroom_id":"4"}}]},{"id":"4","name":"Jueves","classes":[{"id":"51","subject_id":{"id":"90","name":"Historia del Arte y de la Moda 2"},"teacher_id":{"id":"26","name":"SARA MARTHA","last_name":"GARNICA VALENCIA"},"created_at":"2015-03-12 01:11:52","updated_at":"2015-03-12 01:11:52","time_start":"7","time_end":"9","classroom_id":"6","pivot":{"week_id":"4","clase_id":"51","time_start":"7","time_end":"9","classroom_id":"6"}},{"id":"52","subject_id":{"id":"97","name":"Ilustración 2"},"teacher_id":{"id":"24","name":"ALFREDO","last_name":"GAVITO FERNANDEZ DEL CAMPO"},"created_at":"2015-03-12 01:11:52","updated_at":"2015-03-12 01:11:52","time_start":"9","time_end":"11","classroom_id":"2","pivot":{"week_id":"4","clase_id":"52","time_start":"9","time_end":"11","classroom_id":"2"}}]},{"id":"5","name":"Viernes","classes":[{"id":"53","subject_id":{"id":"99","name":"Diseño Digital 1"},"teacher_id":{"id":"27","name":"JOSE AARON","last_name":"GARCIA LOPEZ"},"created_at":"2015-03-12 01:11:52","updated_at":"2015-03-12 01:11:52","time_start":"7","time_end":"9","classroom_id":"5","pivot":{"week_id":"5","clase_id":"53","time_start":"7","time_end":"9","classroom_id":"5"}},{"id":"47","subject_id":{"id":"96","name":"Corte y Confección 2"},"teacher_id":{"id":"15","name":"CLAUDIA LILIANA","last_name":"CALDERON ZAMORA"},"created_at":"2015-03-12 00:42:57","updated_at":"2015-03-12 00:42:57","time_start":"9","time_end":"11","classroom_id":"3","pivot":{"week_id":"5","clase_id":"47","time_start":"9","time_end":"11","classroom_id":"3"}}]}]}
2015-04-03 14:53:49.093 Ionic2[12440:732936] {"id":"3","name":"Prueba Alumno 1","email":"alumno@fraktalweb.com","rol_id":"4","photo":"img/users/user_3.png","created_at":"2015-02-20 22:34:14","updated_at":"2015-02-20 22:34:14","id_member":"64","iat":1428094429,"exp":1428094729}
2015-04-03 14:53:49.093 Ionic2[12440:732936] http://104.236.42.145/app/student/64
2015-04-03 14:53:49.217 Ionic2[12440:732936] {"id":"64","name":"Prueba de Fraktalweb","last_name":"Apellido Apellido","email":"code@fraktalweb.com","address":"León Guzmán","phone":"3126131","cellphone":"4661081062","photo":"","offer_id":"2","semester_id":"7","horario":{"id":"8","offer_id":"2","semester_id":"7","created_at":"2015-02-23 23:56:50","updated_at":"2015-02-23 23:56:50"},"offer":{"id":"2","name":"Licenciatura en Diseño de Modas y Marketing Publicitario","type_id":"33","description":"El Diseñador de Modas es aquel que desarrolla colecciones periódicamente; basándose en una tendencia o movimiento cultural, social o político. Cuenta con la habilidad de escalar tallas para crear patrones y realizar producciones prêt-à-porter. También cuenta con conocimiento a profundidad de las texturas, las telas y los accesorios para así crear armonía en el diseño.","code":"LDMMP","teacher_id":"0","created_at":"-0001-11-30 00:00:00","updated_at":"-0001-11-30 00:00:00"},"semester":{"id":"7","name":"Segundo Semestre","offer_id":"2","hour_start":"7","hour_end":"15","created_at":"2015-02-23 16:50:08","updated_at":"2015-03-12 01:12:20"}}
2015-04-05 12:01:51.873 Ionic2[2381:950156] Apache Cordova native platform version 3.7.0 is starting.
2015-04-05 12:01:51.900 Ionic2[2381:950156] Multi-tasking -> Device: YES, App: YES
2015-04-05 12:01:51.920 Ionic2[2381:950156] Unlimited access to network resources
2015-04-05 12:01:51.938 Ionic2[2381:950156] 

Started backup to iCloud! Please be careful.
Your application might be rejected by Apple if you store too much data.
For more information please read "iOS Data Storage Guidelines" at:
https://developer.apple.com/icloud/documentation/data-storage/
To disable web storage backup to iCloud, set the BackupWebStorage preference to "local" in the Cordova config.xml file

2015-04-05 12:01:52.298 Ionic2[2381:950156] [CDVTimer][keyboard] 0.050008ms
2015-04-05 12:01:52.403 Ionic2[2381:950156] [CDVTimer][splashscreen] 104.941010ms
2015-04-05 12:01:52.406 Ionic2[2381:950156] [CDVTimer][statusbar] 3.289998ms
2015-04-05 12:01:52.406 Ionic2[2381:950156] [CDVTimer][TotalPluginStartup] 108.621001ms
2015-04-05 12:01:52.463 Ionic2[2381:950156] Resetting plugins due to page load.
2015-04-05 12:01:52.991 Ionic2[2381:950156] Finished load of: file:///Users/vincentvillalta/Library/Developer/CoreSimulator/Devices/B1ADF646-85EB-4418-9058-6769C8BF9221/data/Containers/Bundle/Application/5343D5CB-038F-4067-9190-CDBEB524CB62/Ionic2.app/www/index.html#/home/slide
2015-04-05 12:02:20.009 Ionic2[2381:950156] {"user":{"id":"4","name":"Prueba Profesor 1","email":"profesor@fraktalweb.com","rol_id":"3","photo":"img/users/user_4.png","created_at":"2015-02-20 22:35:29","updated_at":"2015-02-20 22:35:29","iat":1428256939,"exp":1428257239},"code":0,"response":{"token":"eyJ0eXAiOiJKV1QiLCJhbGciOiJIUzI1NiJ9.eyJpZCI6IjQiLCJuYW1lIjoiUHJ1ZWJhIFByb2Zlc29yIDEiLCJlbWFpbCI6InByb2Zlc29yQGZyYWt0YWx3ZWIuY29tIiwicm9sX2lkIjoiMyIsInBob3RvIjoiaW1nXC91c2Vyc1wvdXNlcl80LnBuZyIsImNyZWF0ZWRfYXQiOiIyMDE1LTAyLTIwIDIyOjM1OjI5IiwidXBkYXRlZF9hdCI6IjIwMTUtMDItMjAgMjI6MzU6MjkiLCJpYXQiOjE0MjgyNTY5MzksImV4cCI6MTQyODI1NzIzOX0.3LYOsJorBbeHNb9HLvirtEqOFLYTRGufnspwW2A7uY8"}}
2015-04-05 12:02:20.009 Ionic2[2381:950156] http://104.236.42.145/app/teacher/4
2015-04-05 12:02:20.384 Ionic2[2381:950156] {"id":"4","name":"MIGUEL ANGEL","last_name":"BARAJAS CRUZ","address":"ANTONIO MAYES NAVARRO 109-1 FRACC.  BOSQUE DE ORIENTE","phone":"3238356","cellphone":"44330237023758","profile":"LICENCIATURA EN CIENCIAS POLÍTICAS\r\nLICENCIADO EN FILOSOFIA","curp":"BACM530830HMNRRG05","rfc":"BACM530830LB4","photo":"img/img_perfil_default.jpg","email":"miguel_abc_53@hotmail.com","user_id":"0","created_at":"2015-02-12 23:49:31","updated_at":"2015-02-12 23:49:31"}
2015-04-05 12:02:20.610 Ionic2[2381:950156] [{"id":"45","subject_id":{"id":"92","name":"Lectura y Redacción 2"},"teacher_id":"4","created_at":"2015-03-12 00:42:57","updated_at":"2015-03-12 00:42:57"},{"id":"50","subject_id":{"id":"87","name":"Introducción de Mercadotecnia "},"teacher_id":"4","created_at":"2015-03-12 01:11:52","updated_at":"2015-03-12 01:11:52"},{"id":"61","subject_id":{"id":"113","name":"Administración 2"},"teacher_id":"4","created_at":"2015-03-12 01:39:38","updated_at":"2015-03-12 01:39:38"}]
2015-04-05 12:02:46.286 Ionic2[2381:950156] {"user":{"id":"3","name":"Prueba Alumno 1","email":"alumno@fraktalweb.com","rol_id":"4","photo":"img/users/user_3.png","created_at":"2015-02-20 22:34:14","updated_at":"2015-04-04 02:47:11","id_member":"64","iat":1428256966,"exp":1428257266},"code":0,"response":{"token":"eyJ0eXAiOiJKV1QiLCJhbGciOiJIUzI1NiJ9.eyJpZCI6IjMiLCJuYW1lIjoiUHJ1ZWJhIEFsdW1ubyAxIiwiZW1haWwiOiJhbHVtbm9AZnJha3RhbHdlYi5jb20iLCJyb2xfaWQiOiI0IiwicGhvdG8iOiJpbWdcL3VzZXJzXC91c2VyXzMucG5nIiwiY3JlYXRlZF9hdCI6IjIwMTUtMDItMjAgMjI6MzQ6MTQiLCJ1cGRhdGVkX2F0IjoiMjAxNS0wNC0wNCAwMjo0NzoxMSIsImlkX21lbWJlciI6IjY0IiwiaWF0IjoxNDI4MjU2OTY2LCJleHAiOjE0MjgyNTcyNjZ9.5_qAosib7hK14dAdilZfEWJfheA3uFiSuMnPoDPwqGw"}}
2015-04-05 12:02:46.286 Ionic2[2381:950156] http://104.236.42.145/app/student/64
2015-04-05 12:02:46.699 Ionic2[2381:950156] {"id":"64","name":"Prueba de Fraktalweb","last_name":"Apellido Apellido","email":"code@fraktalweb.com","address":"León Guzmán","phone":"3126131","cellphone":"4661081062","photo":"img/alumnos/alumno_64.jpg","offer_id":"2","semester_id":"7","horario":{"id":"8","offer_id":"2","semester_id":"7","created_at":"2015-02-23 23:56:50","updated_at":"2015-02-23 23:56:50"},"offer":{"id":"2","name":"Licenciatura en Diseño de Modas y Marketing Publicitario","type_id":"33","description":"El Diseñador de Modas es aquel que desarrolla colecciones periódicamente; basándose en una tendencia o movimiento cultural, social o político. Cuenta con la habilidad de escalar tallas para crear patrones y realizar producciones prêt-à-porter. También cuenta con conocimiento a profundidad de las texturas, las telas y los accesorios para así crear armonía en el diseño.","code":"LDMMP","teacher_id":"0","created_at":"-0001-11-30 00:00:00","updated_at":"-0001-11-30 00:00:00"},"semester":{"id":"7","name":"Segundo Semestre","offer_id":"2","hour_start":"7","hour_end":"15","created_at":"2015-02-23 16:50:08","updated_at":"2015-03-12 01:12:20"}}
2015-04-05 12:02:53.923 Ionic2[2381:950156] http://104.236.42.145/app/student/64/schedule/8
2015-04-05 12:02:54.287 Ionic2[2381:950156] {"id":"8","offer_id":{"id":"2","name":"Licenciatura en Diseño de Modas y Marketing Publicitario"},"semester_id":{"id":"7","name":"Segundo Semestre","hour_start":"7","hour_end":"15"},"created_at":"2015-02-23 23:56:50","updated_at":"2015-02-23 23:56:50","week":[{"id":"1","name":"Lunes","classes":[{"id":"45","subject_id":{"id":"92","name":"Lectura y Redacción 2"},"teacher_id":{"id":"4","name":"MIGUEL ANGEL","last_name":"BARAJAS CRUZ","photo":"img/img_perfil_default.jpg"},"created_at":"2015-03-12 00:42:57","updated_at":"2015-03-12 00:42:57","time_start":"9","time_end":"11","classroom_id":"10","pivot":{"week_id":"1","clase_id":"45","time_start":"9","time_end":"11","classroom_id":"10"}}]},{"id":"2","name":"Martes","classes":[{"id":"46","subject_id":{"id":"95","name":"Diseño 2"},"teacher_id":{"id":"25","name":"NORMA SORAYDA","last_name":"VALLE GONZALEZ ","photo":"img/img_perfil_default.jpg"},"created_at":"2015-03-12 00:42:57","updated_at":"2015-03-12 00:42:57","time_start":"7","time_end":"9","classroom_id":"2","pivot":{"week_id":"2","clase_id":"46","time_start":"7","time_end":"9","classroom_id":"2"}},{"id":"47","subject_id":{"id":"96","name":"Corte y Confección 2"},"teacher_id":{"id":"15","name":"CLAUDIA LILIANA","last_name":"CALDERON ZAMORA","photo":"img/img_perfil_default.jpg"},"created_at":"2015-03-12 00:42:57","updated_at":"2015-03-12 00:42:57","time_start":"9","time_end":"11","classroom_id":"3","pivot":{"week_id":"2","clase_id":"47","time_start":"9","time_end":"11","classroom_id":"3"}},{"id":"48","subject_id":{"id":"100","name":"Bordado 1"},"teacher_id":{"id":"15","name":"CLAUDIA LILIANA","last_name":"CALDERON ZAMORA","photo":"img/img_perfil_default.jpg"},"created_at":"2015-03-12 00:42:57","updated_at":"2015-03-12 00:42:57","time_start":"11","time_end":"13","classroom_id":"10","pivot":{"week_id":"2","clase_id":"48","time_start":"11","time_end":"13","classroom_id":"10"}}]},{"id":"3","name":"Miércoles","classes":[{"id":"49","subject_id":{"id":"94","name":"Fotografía Digital "},"teacher_id":{"id":"29","name":"MARCO ANTONIIO","last_name":"JIMENEZ HIRIART","photo":"img/img_perfil_default.jpg"},"created_at":"2015-03-12 01:11:52","updated_at":"2015-03-12 01:11:52","time_start":"7","time_end":"9","classroom_id":"5","pivot":{"week_id":"3","clase_id":"49","time_start":"7","time_end":"9","classroom_id":"5"}},{"id":"50","subject_id":{"id":"87","name":"Introducción de Mercadotecnia "},"teacher_id":{"id":"4","name":"MIGUEL ANGEL","last_name":"BARAJAS CRUZ","photo":"img/img_perfil_default.jpg"},"created_at":"2015-03-12 01:11:52","updated_at":"2015-03-12 01:11:52","time_start":"9","time_end":"11","classroom_id":"10","pivot":{"week_id":"3","clase_id":"50","time_start":"9","time_end":"11","classroom_id":"10"}},{"id":"46","subject_id":{"id":"95","name":"Diseño 2"},"teacher_id":{"id":"25","name":"NORMA SORAYDA","last_name":"VALLE GONZALEZ ","photo":"img/img_perfil_default.jpg"},"created_at":"2015-03-12 00:42:57","updated_at":"2015-03-12 00:42:57","time_start":"11","time_end":"13","classroom_id":"4","pivot":{"week_id":"3","clase_id":"46","time_start":"11","time_end":"13","classroom_id":"4"}}]},{"id":"4","name":"Jueves","classes":[{"id":"51","subject_id":{"id":"90","name":"Historia del Arte y de la Moda 2"},"teacher_id":{"id":"26","name":"SARA MARTHA","last_name":"GARNICA VALENCIA","photo":"img/img_perfil_default.jpg"},"created_at":"2015-03-12 01:11:52","updated_at":"2015-03-12 01:11:52","time_start":"7","time_end":"9","classroom_id":"6","pivot":{"week_id":"4","clase_id":"51","time_start":"7","time_end":"9","classroom_id":"6"}},{"id":"52","subject_id":{"id":"97","name":"Ilustración 2"},"teacher_id":{"id":"24","name":"ALFREDO","last_name":"GAVITO FERNANDEZ DEL CAMPO","photo":"img/img_perfil_default.jpg"},"created_at":"2015-03-12 01:11:52","updated_at":"2015-03-12 01:11:52","time_start":"9","time_end":"11","classroom_id":"2","pivot":{"week_id":"4","clase_id":"52","time_start":"9","time_end":"11","classroom_id":"2"}}]},{"id":"5","name":"Viernes","classes":[{"id":"53","subject_id":{"id":"99","name":"Diseño Digital 1"},"teacher_id":{"id":"27","name":"JOSE AARON","last_name":"GARCIA LOPEZ","photo":"img/img_perfil_default.jpg"},"created_at":"2015-03-12 01:11:52","updated_at":"2015-03-12 01:11:52","time_start":"7","time_end":"9","classroom_id":"5","pivot":{"week_id":"5","clase_id":"53","time_start":"7","time_end":"9","classroom_id":"5"}},{"id":"47","subject_id":{"id":"96","name":"Corte y Confección 2"},"teacher_id":{"id":"15","name":"CLAUDIA LILIANA","last_name":"CALDERON ZAMORA","photo":"img/img_perfil_default.jpg"},"created_at":"2015-03-12 00:42:57","updated_at":"2015-03-12 00:42:57","time_start":"9","time_end":"11","classroom_id":"3","pivot":{"week_id":"5","clase_id":"47","time_start":"9","time_end":"11","classroom_id":"3"}}]}]}
2015-04-05 19:31:07.126 Ionic2[2381:1810415] Communications error: <OS_xpc_error: <error: 0x39b45f4> { count = 1, contents =
	"XPCErrorDescription" => <string: 0x39b483c> { length = 22, contents = "Connection interrupted" }
}>
